<?xml version="1.0" encoding="UTF-8"?>
<!-- Generated by org.testng.reporters.JUnitXMLReporter -->
<testsuite ignored="0" hostname="Aisha-RM" failures="5" tests="8" name="Surefire test" time="73.279" errors="0" timestamp="2024-12-17T14:55:59 GMT">
  <testcase classname="VehicleDetailsTests" name="getVehicleDetailsWithOnlyRegistrationFieldFilled" time="5.698">
    <failure type="java.lang.AssertionError" message="Value my car button is not enabled when mileage and postcode are blank.">
      <![CDATA[java.lang.AssertionError: Value my car button is not enabled when mileage and postcode are blank.
at VehicleDetailsTests.getVehicleDetailsWithOnlyRegistrationFieldFilled(VehicleDetailsTests.java:47)
at java.base/java.util.ArrayList.forEach(ArrayList.java:1596)
... Removed 30 stack frames]]>
    </failure>
  </testcase> <!-- getVehicleDetailsWithOnlyRegistrationFieldFilled -->
  <testcase classname="VehicleDetailsTests" name="getVehicleDetailsWithOnlyRegistrationFieldFilled" time="5.765">
    <failure type="java.lang.AssertionError" message="Value my car button is not enabled when mileage and postcode are blank.">
      <![CDATA[java.lang.AssertionError: Value my car button is not enabled when mileage and postcode are blank.
at VehicleDetailsTests.getVehicleDetailsWithOnlyRegistrationFieldFilled(VehicleDetailsTests.java:47)
at java.base/java.util.ArrayList.forEach(ArrayList.java:1596)
... Removed 30 stack frames]]>
    </failure>
  </testcase> <!-- getVehicleDetailsWithOnlyRegistrationFieldFilled -->
  <testcase classname="VehicleDetailsTests" name="getVehicleDetailsWithOnlyRegistrationFieldFilled" time="4.612">
    <failure type="java.lang.AssertionError" message="Value my car button is not enabled when mileage and postcode are blank.">
      <![CDATA[java.lang.AssertionError: Value my car button is not enabled when mileage and postcode are blank.
at VehicleDetailsTests.getVehicleDetailsWithOnlyRegistrationFieldFilled(VehicleDetailsTests.java:47)
at java.base/java.util.ArrayList.forEach(ArrayList.java:1596)
... Removed 30 stack frames]]>
    </failure>
  </testcase> <!-- getVehicleDetailsWithOnlyRegistrationFieldFilled -->
  <testcase classname="VehicleDetailsTests" name="getVehicleDetailsWithOnlyRegistrationFieldFilled" time="4.343">
    <failure type="java.lang.AssertionError" message="Value my car button is not enabled when mileage and postcode are blank.">
      <![CDATA[java.lang.AssertionError: Value my car button is not enabled when mileage and postcode are blank.
at VehicleDetailsTests.getVehicleDetailsWithOnlyRegistrationFieldFilled(VehicleDetailsTests.java:47)
at java.base/java.util.ArrayList.forEach(ArrayList.java:1596)
... Removed 30 stack frames]]>
    </failure>
  </testcase> <!-- getVehicleDetailsWithOnlyRegistrationFieldFilled -->
  <testcase classname="VehicleDetailsTests" name="getVehicleDetailsWithAllFormFieldsFilled" time="14.226"/>
  <testcase classname="VehicleDetailsTests" name="getVehicleDetailsWithAllFormFieldsFilled" time="4.217"/>
  <testcase classname="VehicleDetailsTests" name="getVehicleDetailsWithAllFormFieldsFilled" time="14.599">
    <failure type="java.lang.AssertionError" message="Vehicle Model details do not match entry in the CSV.">
      <![CDATA[java.lang.AssertionError: Vehicle Model details do not match entry in the CSV.
at VehicleDetailsTests.getVehicleDetailsWithAllFormFieldsFilled(VehicleDetailsTests.java:124)
at java.base/java.util.ArrayList.forEach(ArrayList.java:1596)
... Removed 30 stack frames]]>
    </failure>
  </testcase> <!-- getVehicleDetailsWithAllFormFieldsFilled -->
  <testcase classname="VehicleDetailsTests" name="getVehicleDetailsWithAllFormFieldsFilled" time="3.698"/>
</testsuite> <!-- Surefire test -->
